\BOOKMARK [0][-]{chapter.1}{\376\377\000I\000n\000t\000r\000o\000d\000u\000c\000c\000i\000\363\000n}{}% 1
\BOOKMARK [1][-]{section.1.1}{\376\377\000A\000l\000c\000a\000n\000c\000e}{chapter.1}% 2
\BOOKMARK [1][-]{section.1.2}{\376\377\000J\000u\000s\000t\000i\000f\000i\000c\000a\000c\000i\000\363\000n}{chapter.1}% 3
\BOOKMARK [1][-]{section.1.3}{\376\377\000E\000n\000u\000n\000c\000i\000a\000d\000o}{chapter.1}% 4
\BOOKMARK [2][-]{subsection.1.3.1}{\376\377\000R\000e\000c\000o\000p\000i\000l\000a\000c\000i\000\363\000n\000\040\000d\000e\000\040\000e\000v\000i\000d\000e\000n\000c\000i\000a\000s}{section.1.3}% 5
\BOOKMARK [2][-]{subsection.1.3.2}{\376\377\000C\000\363\000m\000o\000\040\000u\000t\000i\000l\000i\000z\000a\000r\000\040\000e\000s\000t\000e\000\040\000r\000e\000c\000u\000r\000s\000o}{section.1.3}% 6
\BOOKMARK [0][-]{chapter.2}{\376\377\000M\000a\000r\000c\000o\000\040\000T\000e\000\363\000r\000i\000c\000o}{}% 7
\BOOKMARK [1][-]{section.2.1}{\376\377\000M\000I\000T\000R\000E\000\040\000A\000T\000T\000\046\000C\000K}{chapter.2}% 8
\BOOKMARK [1][-]{section.2.2}{\376\377\000C\000y\000b\000e\000r\000\040\000K\000i\000l\000l\000\040\000C\000h\000a\000i\000n\000\040\000\050\000C\000K\000C\000\051}{chapter.2}% 9
\BOOKMARK [1][-]{section.2.3}{\376\377\000T\000h\000r\000e\000a\000t\000\040\000I\000n\000t\000e\000l\000l\000i\000g\000e\000n\000c\000e}{chapter.2}% 10
\BOOKMARK [0][-]{chapter.3}{\376\377\000E\000l\000\040\000I\000n\000c\000i\000d\000e\000n\000t\000e}{}% 11
\BOOKMARK [1][-]{section.3.1}{\376\377\000D\000e\000s\000c\000r\000i\000p\000c\000i\000\363\000n\000\040\000d\000e\000l\000\040\000A\000t\000a\000c\000a\000n\000t\000e}{chapter.3}% 12
\BOOKMARK [1][-]{section.3.2}{\376\377\000D\000e\000s\000c\000r\000i\000p\000c\000i\000\363\000n\000\040\000d\000e\000l\000\040\000A\000t\000a\000q\000u\000e\000\040\000\050\000R\000e\000s\000u\000m\000e\000n\000\040\000E\000j\000e\000c\000u\000t\000i\000v\000o\000\051}{chapter.3}% 13
\BOOKMARK [1][-]{section.3.3}{\376\377\000M\000a\000p\000e\000o\000\040\000d\000e\000l\000\040\000A\000t\000a\000q\000u\000e\000\040\000a\000\040\000l\000a\000\040\000C\000y\000b\000e\000r\000\040\000K\000i\000l\000l\000\040\000C\000h\000a\000i\000n\000\040\000y\000\040\000M\000I\000T\000R\000E\000\040\000A\000T\000T\000\046\000C\000K}{chapter.3}% 14
\BOOKMARK [2][-]{subsection.3.3.1}{\376\377\000A\000c\000c\000i\000o\000n\000e\000s\000\040\000s\000o\000b\000r\000e\000\040\000e\000l\000\040\000o\000b\000j\000e\000t\000i\000v\000o}{section.3.3}% 15
\BOOKMARK [2][-]{subsection.3.3.2}{\376\377\000M\000a\000n\000d\000o\000\040\000y\000\040\000C\000o\000n\000t\000r\000o\000l\000\040\000\050\000C\0002\000\051}{section.3.3}% 16
\BOOKMARK [2][-]{subsection.3.3.3}{\376\377\000I\000n\000s\000t\000a\000l\000a\000c\000i\000\363\000n}{section.3.3}% 17
\BOOKMARK [2][-]{subsection.3.3.4}{\376\377\000E\000x\000p\000l\000o\000t\000a\000c\000i\000\363\000n}{section.3.3}% 18
\BOOKMARK [2][-]{subsection.3.3.5}{\376\377\000E\000n\000t\000r\000e\000g\000a}{section.3.3}% 19
\BOOKMARK [2][-]{subsection.3.3.6}{\376\377\000A\000r\000m\000a\000m\000e\000n\000t\000o}{section.3.3}% 20
\BOOKMARK [2][-]{subsection.3.3.7}{\376\377\000R\000e\000c\000o\000n\000o\000c\000i\000m\000i\000e\000n\000t\000o}{section.3.3}% 21
\BOOKMARK [0][-]{chapter.4}{\376\377\000R\000e\000d\000\040\000T\000e\000a\000m\000\040\000N\000o\000t\000e\000s}{}% 22
\BOOKMARK [1][-]{section.4.1}{\376\377\000A\000c\000c\000e\000s\000o\000\040\000I\000n\000i\000c\000i\000a\000l\000:\000\040\000J\000u\000s\000t\000i\000f\000i\000c\000a\000c\000i\000\363\000n\000\040\000d\000e\000l\000\040\000U\000s\000o\000\040\000d\000e\000\040\000B\000a\000d\000U\000S\000B}{chapter.4}% 23
\BOOKMARK [2][-]{subsection.4.1.1}{\376\377\000B\000y\000p\000a\000s\000s\000\040\000d\000e\000\040\000A\000M\000S\000I}{section.4.1}% 24
\BOOKMARK [1][-]{section.4.2}{\376\377\000P\000r\000o\000g\000r\000a\000m\000a\000r\000\040\000s\000h\000e\000l\000l\000c\000o\000d\000e\000s}{chapter.4}% 25
\BOOKMARK [2][-]{subsection.4.2.1}{\376\377\000P\000o\000s\000i\000t\000i\000o\000n\000-\000I\000n\000d\000e\000p\000e\000n\000d\000e\000n\000t\000\040\000C\000o\000d\000e\000\040\000\050\000P\000I\000C\000\051}{section.4.2}% 26
\BOOKMARK [2][-]{subsection.4.2.2}{\376\377\000R\000u\000n\000t\000i\000m\000e\000\040\000L\000i\000n\000k\000i\000n\000g}{section.4.2}% 27
\BOOKMARK [2][-]{subsection.4.2.3}{\376\377\000A\000B\000I\000\040\000e\000n\000\040\000x\0008\0006\000\040\000y\000\040\000x\0006\0004}{section.4.2}% 28
\BOOKMARK [2][-]{subsection.4.2.4}{\376\377\000P\000a\000y\000l\000o\000a\000d\000s\000\040\000f\000i\000n\000a\000l\000e\000s}{section.4.2}% 29
\BOOKMARK [1][-]{section.4.3}{\376\377\000I\000n\000y\000e\000c\000c\000i\000\363\000n\000\040\000d\000e\000\040\000c\000\363\000d\000i\000g\000o}{chapter.4}% 30
\BOOKMARK [2][-]{subsection.4.3.1}{\376\377\000D\000L\000L\000\040\000H\000i\000j\000a\000c\000k\000i\000n\000g}{section.4.3}% 31
\BOOKMARK [1][-]{section.4.4}{\376\377\000W\000e\000a\000p\000o\000n\000i\000z\000a\000c\000i\000\363\000n\000\040\000d\000e\000\040\000D\000L\000L\000\040\000H\000i\000j\000a\000c\000k\000i\000n\000g}{chapter.4}% 32
\BOOKMARK [2][-]{subsection.4.4.1}{\376\377\000S\000i\000d\000e\000\040\000L\000o\000a\000d\000i\000n\000g}{section.4.4}% 33
\BOOKMARK [2][-]{subsection.4.4.2}{\376\377\000D\000L\000L\000\040\000P\000r\000o\000x\000y\000i\000n\000g}{section.4.4}% 34
\BOOKMARK [2][-]{subsection.4.4.3}{\376\377\000R\000e\000f\000l\000e\000c\000t\000i\000v\000e\000\040\000L\000o\000a\000d\000i\000n\000g}{section.4.4}% 35
\BOOKMARK [1][-]{section.4.5}{\376\377\000S\000y\000s\000c\000a\000l\000l\000s\000\040\000y\000\040\000e\000v\000a\000s\000i\000\363\000n\000\040\000d\000e\000\040\000E\000D\000R}{chapter.4}% 36
\BOOKMARK [2][-]{subsection.4.5.1}{\376\377\000N\000i\000v\000e\000l\000\040\0001\000\040\040\023\000\040\000W\000i\000n\0003\0002\000\040\000A\000P\000I}{section.4.5}% 37
\BOOKMARK [2][-]{subsection.4.5.2}{\376\377\000N\000i\000v\000e\000l\000\040\0002\000\040\040\023\000\040\000N\000a\000t\000i\000v\000e\000\040\000A\000P\000I}{section.4.5}% 38
\BOOKMARK [2][-]{subsection.4.5.3}{\376\377\000N\000i\000v\000e\000l\000\040\0003\000\040\040\023\000\040\000D\000i\000r\000e\000c\000t\000\040\000S\000y\000s\000c\000a\000l\000l\000s}{section.4.5}% 39
\BOOKMARK [2][-]{subsection.4.5.4}{\376\377\000N\000i\000v\000e\000l\000\040\0004\000\040\040\023\000\040\000I\000n\000d\000i\000r\000e\000c\000t\000\040\000S\000y\000s\000c\000a\000l\000l\000s}{section.4.5}% 40
\BOOKMARK [1][-]{section.4.6}{\376\377\000P\000e\000r\000s\000i\000s\000t\000e\000n\000c\000i\000a}{chapter.4}% 41
\BOOKMARK [1][-]{section.4.7}{\376\377\000I\000n\000f\000r\000a\000e\000s\000t\000r\000u\000c\000t\000u\000r\000a\000\040\000C\0002}{chapter.4}% 42
\BOOKMARK [1][-]{section.4.8}{\376\377\000A\000c\000c\000i\000o\000n\000e\000s\000\040\000f\000i\000n\000a\000l\000e\000s}{chapter.4}% 43
\BOOKMARK [2][-]{subsection.4.8.1}{\376\377\000B\000O\000F\000\040\000y\000\040\000C\000O\000F\000F}{section.4.8}% 44
\BOOKMARK [2][-]{subsection.4.8.2}{\376\377\000S\000h\000a\000r\000e\000d\000\040\000L\000i\000b\000r\000a\000r\000y\000\040\000S\000i\000d\000e\000\040\000L\000o\000a\000d\000i\000n\000g}{section.4.8}% 45
\BOOKMARK [2][-]{subsection.4.8.3}{\376\377\000A\000s\000s\000e\000m\000b\000l\000i\000e\000s\000\040\000.\000N\000E\000T}{section.4.8}% 46
\BOOKMARK [0][-]{chapter.5}{\376\377\000A\000n\000e\000x\000o\000\040\000A\000:\000\040\000W\000i\000n\000d\000o\000w\000s\000\040\000I\000n\000t\000e\000r\000n\000a\000l\000s}{}% 47
\BOOKMARK [1][-]{section.5.1}{\376\377\000M\000e\000m\000o\000r\000i\000a\000\040\000V\000i\000r\000t\000u\000a\000l}{chapter.5}% 48
\BOOKMARK [2][-]{subsection.5.1.1}{\376\377\000P\000r\000o\000b\000l\000e\000m\000a\000s\000\040\000M\000e\000m\000o\000r\000i\000a\000\040\000F\000i\000s\000i\000c\000a}{section.5.1}% 49
\BOOKMARK [2][-]{subsection.5.1.2}{\376\377\000A\000c\000c\000e\000s\000o\000\040\000i\000n\000d\000i\000r\000e\000c\000t\000o\000\040\000a\000\040\000m\000e\000m\000o\000r\000i\000a}{section.5.1}% 50
\BOOKMARK [2][-]{subsection.5.1.3}{\376\377\000P\000a\000g\000i\000n\000a\000c\000i\000\363\000n}{section.5.1}% 51
\BOOKMARK [2][-]{subsection.5.1.4}{\376\377\000T\000a\000b\000l\000a\000\040\000d\000e\000\040\000p\000\341\000g\000i\000n\000a\000s}{section.5.1}% 52
\BOOKMARK [2][-]{subsection.5.1.5}{\376\377\000M\000e\000m\000o\000r\000y\000\040\000M\000a\000n\000a\000g\000e\000m\000e\000n\000t\000\040\000U\000n\000i\000t\000\040\000\050\000M\000M\000U\000\051}{section.5.1}% 53
\BOOKMARK [2][-]{subsection.5.1.6}{\376\377\000A\000c\000c\000e\000s\000o\000\040\000a\000\040\000m\000e\000m\000o\000r\000i\000a}{section.5.1}% 54
\BOOKMARK [1][-]{section.5.2}{\376\377\000P\000o\000r\000t\000a\000b\000l\000e\000\040\000E\000x\000e\000c\000u\000t\000a\000b\000l\000e\000\040\000\050\000P\000E\000\051}{chapter.5}% 55
\BOOKMARK [2][-]{subsection.5.2.1}{\376\377\000H\000e\000a\000d\000e\000r\000s}{section.5.2}% 56
\BOOKMARK [2][-]{subsection.5.2.2}{\376\377\000H\000e\000a\000d\000e\000r\000s\000\040\000T\000a\000b\000l\000e\000s}{section.5.2}% 57
\BOOKMARK [2][-]{subsection.5.2.3}{\376\377\000S\000e\000c\000t\000i\000o\000n\000s}{section.5.2}% 58
\BOOKMARK [2][-]{subsection.5.2.4}{\376\377\000E\000j\000e\000m\000p\000l\000o\000\040\000p\000r\000\341\000c\000t\000i\000c\000o\000:\000\040\000p\000a\000r\000c\000h\000e\000o\000\040\000d\000e\000\040\000u\000n\000\040\000P\000E\000\040\000y\000\040\000m\000o\000d\000i\000f\000i\000c\000a\000c\000i\000\363\000n\000\040\000d\000e\000l\000\040\000E\000n\000t\000r\000y\000\040\000P\000o\000i\000n\000t}{section.5.2}% 59
\BOOKMARK [1][-]{section.5.3}{\376\377\000P\000r\000o\000c\000e\000s\000o\000s\000\040\000W\000i\000n\000d\000o\000w\000s}{chapter.5}% 60
\BOOKMARK [2][-]{subsection.5.3.1}{\376\377\000C\000r\000e\000a\000c\000i\000\363\000n\000\040\000d\000e\000\040\000u\000n\000\040\000p\000r\000o\000c\000e\000s\000o\000\040\000\050\000K\000e\000r\000n\000e\000l\000\051}{section.5.3}% 61
\BOOKMARK [2][-]{subsection.5.3.2}{\376\377\000P\000r\000o\000c\000e\000s\000s\000\040\000E\000n\000v\000i\000r\000o\000n\000m\000e\000n\000t\000\040\000B\000l\000o\000c\000k\000\040\000\050\000P\000E\000B\000\051}{section.5.3}% 62
\BOOKMARK [2][-]{subsection.5.3.3}{\376\377\000S\000e\000c\000c\000i\000o\000n\000e\000s\000\040\000d\000e\000\040\000u\000n\000\040\000p\000r\000o\000c\000e\000s\000o}{section.5.3}% 63
\BOOKMARK [1][-]{section.5.4}{\376\377\000G\000e\000n\000e\000a\000l\000o\000g\000\355\000a\000\040\000d\000e\000\040\000P\000r\000o\000c\000e\000s\000o\000s\000\040\000e\000n\000\040\000W\000i\000n\000d\000o\000w\000s}{chapter.5}% 64
\BOOKMARK [1][-]{section.5.5}{\376\377\000D\000L\000L\000\040\000\050\000D\000y\000n\000a\000m\000i\000c\000-\000L\000i\000n\000k\000\040\000L\000i\000b\000r\000a\000r\000y\000\051}{chapter.5}% 65
\BOOKMARK [2][-]{subsection.5.5.1}{\376\377\000C\000a\000r\000g\000a\000\040\000d\000e\000\040\000D\000L\000L\000s}{section.5.5}% 66
\BOOKMARK [1][-]{section.5.6}{\376\377\000T\000h\000r\000e\000a\000d\000s}{chapter.5}% 67
\BOOKMARK [2][-]{subsection.5.6.1}{\376\377\000T\000h\000r\000e\000a\000d\000\040\000E\000n\000v\000i\000r\000o\000n\000m\000e\000n\000t\000\040\000B\000l\000o\000c\000k\000\040\000\050\000T\000E\000B\000\051}{section.5.6}% 68
\BOOKMARK [2][-]{subsection.5.6.2}{\376\377\000W\000a\000l\000k\000i\000n\000g\000\040\000t\000h\000e\000\040\000T\000E\000B}{section.5.6}% 69
\BOOKMARK [1][-]{section.5.7}{\376\377\000U\000s\000e\000r\000\040\000M\000o\000d\000e\000\040\000y\000\040\000K\000e\000r\000n\000e\000l\000\040\000M\000o\000d\000e}{chapter.5}% 70
