This is pdfTeX, Version 3.141592653-2.6-1.40.25 (TeX Live 2023/Debian) (preloaded format=pdflatex 2025.10.25)  3 FEB 2026 21:12
entering extended mode
 restricted \write18 enabled.
 file:line:error style messages enabled.
 %&-line parsing enabled.
**/home/llorens/projects/All-Things-Cybersecurity/000-docs/main.tex
(/home/llorens/projects/All-Things-Cybersecurity/000-docs/main.tex
LaTeX2e <2023-11-01> patch level 1
L3 programming layer <2024-01-22>
(/usr/share/texlive/texmf-dist/tex/latex/base/report.cls
Document Class: report 2023/05/17 v1.4n Standard LaTeX document class
(/usr/share/texlive/texmf-dist/tex/latex/base/size12.clo
File: size12.clo 2023/05/17 v1.4n Standard LaTeX file (size option)
)
\c@part=\count187
\c@chapter=\count188
\c@section=\count189
\c@subsection=\count190
\c@subsubsection=\count191
\c@paragraph=\count192
\c@subparagraph=\count193
\c@figure=\count194
\c@table=\count195
\abovecaptionskip=\skip48
\belowcaptionskip=\skip49
\bibindent=\dimen140
) (/usr/share/texlive/texmf-dist/tex/latex/base/inputenc.sty
Package: inputenc 2021/02/14 v1.3d Input encoding file
\inpenc@prehook=\toks17
\inpenc@posthook=\toks18
) (/usr/share/texlive/texmf-dist/tex/latex/base/fontenc.sty
Package: fontenc 2021/04/29 v2.0v Standard LaTeX package
) (/usr/share/texlive/texmf-dist/tex/generic/babel/babel.sty
Package: babel 2024/01/07 v24.1 The Babel package
\babel@savecnt=\count196
\U@D=\dimen141
\l@unhyphenated=\language8
 (/usr/share/texlive/texmf-dist/tex/generic/babel/txtbabel.def)
\bbl@readstream=\read2
\bbl@dirlevel=\count197
 (/usr/share/texlive/texmf-dist/tex/generic/babel-spanish/spanish.ldf
Language: spanish.ldf 2021/05/27 v5.0q Spanish support from the babel system
\es@quottoks=\toks19
\es@quotdepth=\count198
Package babel Info: Making " an active character on input line 570.
Package babel Info: Making . an active character on input line 675.
Package babel Info: Making < an active character on input line 722.
Package babel Info: Making > an active character on input line 722.
)) (/usr/share/texlive/texmf-dist/tex/generic/babel/locale/es/babel-spanish.tex
Package babel Info: Importing font and identification data for spanish
(babel)             from babel-es.ini. Reported on input line 11.
) (/usr/share/texlive/texmf-dist/tex/latex/hyperref/hyperref.sty
Package: hyperref 2024-01-20 v7.01h Hypertext links for LaTeX
 (/usr/share/texlive/texmf-dist/tex/generic/iftex/iftex.sty
Package: iftex 2022/02/03 v1.0f TeX engine tests
) (/usr/share/texlive/texmf-dist/tex/latex/graphics/keyval.sty
Package: keyval 2022/05/29 v1.15 key=value parser (DPC)
\KV@toks@=\toks20
) (/usr/share/texlive/texmf-dist/tex/latex/kvsetkeys/kvsetkeys.sty
Package: kvsetkeys 2022-10-05 v1.19 Key value parser (HO)
) (/usr/share/texlive/texmf-dist/tex/generic/kvdefinekeys/kvdefinekeys.sty
Package: kvdefinekeys 2019-12-19 v1.6 Define keys (HO)
) (/usr/share/texlive/texmf-dist/tex/generic/pdfescape/pdfescape.sty
Package: pdfescape 2019/12/09 v1.15 Implements pdfTeX's escape features (HO)
 (/usr/share/texlive/texmf-dist/tex/generic/ltxcmds/ltxcmds.sty
Package: ltxcmds 2023-12-04 v1.26 LaTeX kernel commands for general use (HO)
) (/usr/share/texlive/texmf-dist/tex/generic/pdftexcmds/pdftexcmds.sty
Package: pdftexcmds 2020-06-27 v0.33 Utility functions of pdfTeX for LuaTeX (HO)
 (/usr/share/texlive/texmf-dist/tex/generic/infwarerr/infwarerr.sty
Package: infwarerr 2019/12/03 v1.5 Providing info/warning/error messages (HO)
)
Package pdftexcmds Info: \pdf@primitive is available.
Package pdftexcmds Info: \pdf@ifprimitive is available.
Package pdftexcmds Info: \pdfdraftmode found.
)) (/usr/share/texlive/texmf-dist/tex/latex/hycolor/hycolor.sty
Package: hycolor 2020-01-27 v1.10 Color options for hyperref/bookmark (HO)
) (/usr/share/texlive/texmf-dist/tex/latex/auxhook/auxhook.sty
Package: auxhook 2019-12-17 v1.6 Hooks for auxiliary files (HO)
) (/usr/share/texlive/texmf-dist/tex/latex/hyperref/nameref.sty
Package: nameref 2023-11-26 v2.56 Cross-referencing by name of section
 (/usr/share/texlive/texmf-dist/tex/latex/refcount/refcount.sty
Package: refcount 2019/12/15 v3.6 Data extraction from label references (HO)
) (/usr/share/texlive/texmf-dist/tex/generic/gettitlestring/gettitlestring.sty
Package: gettitlestring 2019/12/15 v1.6 Cleanup title references (HO)
 (/usr/share/texlive/texmf-dist/tex/latex/kvoptions/kvoptions.sty
Package: kvoptions 2022-06-15 v3.15 Key value format for package options (HO)
))
\c@section@level=\count199
) (/usr/share/texlive/texmf-dist/tex/latex/etoolbox/etoolbox.sty
Package: etoolbox 2020/10/05 v2.5k e-TeX tools for LaTeX (JAW)
\etb@tempcnta=\count266
)
\@linkdim=\dimen142
\Hy@linkcounter=\count267
\Hy@pagecounter=\count268
 (/usr/share/texlive/texmf-dist/tex/latex/hyperref/pd1enc.def
File: pd1enc.def 2024-01-20 v7.01h Hyperref: PDFDocEncoding definition (HO)
Now handling font encoding PD1 ...
... no UTF-8 mapping file for font encoding PD1
) (/usr/share/texlive/texmf-dist/tex/generic/intcalc/intcalc.sty
Package: intcalc 2019/12/15 v1.3 Expandable calculations with integers (HO)
)
\Hy@SavedSpaceFactor=\count269
 (/usr/share/texlive/texmf-dist/tex/latex/hyperref/puenc.def
File: puenc.def 2024-01-20 v7.01h Hyperref: PDF Unicode definition (HO)
Now handling font encoding PU ...
... no UTF-8 mapping file for font encoding PU
)
Package hyperref Info: Hyper figures OFF on input line 4179.
Package hyperref Info: Link nesting OFF on input line 4184.
Package hyperref Info: Hyper index ON on input line 4187.
Package hyperref Info: Plain pages OFF on input line 4194.
Package hyperref Info: Backreferencing OFF on input line 4199.
Package hyperref Info: Implicit mode ON; LaTeX internals redefined.
Package hyperref Info: Bookmarks ON on input line 4446.
\c@Hy@tempcnt=\count270
 (/usr/share/texlive/texmf-dist/tex/latex/url/url.sty
\Urlmuskip=\muskip16
Package: url 2013/09/16  ver 3.4  Verb mode for urls, etc.
)
LaTeX Info: Redefining \url on input line 4784.
\XeTeXLinkMargin=\dimen143
 (/usr/share/texlive/texmf-dist/tex/generic/bitset/bitset.sty
Package: bitset 2019/12/09 v1.3 Handle bit-vector datatype (HO)
 (/usr/share/texlive/texmf-dist/tex/generic/bigintcalc/bigintcalc.sty
Package: bigintcalc 2019/12/15 v1.5 Expandable calculations on big integers (HO)
))
\Fld@menulength=\count271
\Field@Width=\dimen144
\Fld@charsize=\dimen145
Package hyperref Info: Hyper figures OFF on input line 6063.
Package hyperref Info: Link nesting OFF on input line 6068.
Package hyperref Info: Hyper index ON on input line 6071.
Package hyperref Info: backreferencing OFF on input line 6078.
Package hyperref Info: Link coloring OFF on input line 6083.
Package hyperref Info: Link coloring with OCG OFF on input line 6088.
Package hyperref Info: PDF/A mode OFF on input line 6093.
 (/usr/share/texlive/texmf-dist/tex/latex/base/atbegshi-ltx.sty
Package: atbegshi-ltx 2021/01/10 v1.0c Emulation of the original atbegshi
package with kernel methods
)
\Hy@abspage=\count272
\c@Item=\count273
\c@Hfootnote=\count274
)
Package hyperref Info: Driver (autodetected): hpdftex.
 (/usr/share/texlive/texmf-dist/tex/latex/hyperref/hpdftex.def
File: hpdftex.def 2024-01-20 v7.01h Hyperref driver for pdfTeX
 (/usr/share/texlive/texmf-dist/tex/latex/base/atveryend-ltx.sty
Package: atveryend-ltx 2020/08/19 v1.0a Emulation of the original atveryend package
with kernel methods
)
\Fld@listcount=\count275
\c@bookmark@seq@number=\count276
 (/usr/share/texlive/texmf-dist/tex/latex/rerunfilecheck/rerunfilecheck.sty
Package: rerunfilecheck 2022-07-10 v1.10 Rerun checks for auxiliary files (HO)
 (/usr/share/texlive/texmf-dist/tex/generic/uniquecounter/uniquecounter.sty
Package: uniquecounter 2019/12/15 v1.4 Provide unlimited unique counter (HO)
)
Package uniquecounter Info: New unique counter `rerunfilecheck' on input line 285.
)
\Hy@SectionHShift=\skip50
) (/usr/share/texlive/texmf-dist/tex/latex/graphics/graphicx.sty
Package: graphicx 2021/09/16 v1.2d Enhanced LaTeX Graphics (DPC,SPQR)
 (/usr/share/texlive/texmf-dist/tex/latex/graphics/graphics.sty
Package: graphics 2022/03/10 v1.4e Standard LaTeX Graphics (DPC,SPQR)
 (/usr/share/texlive/texmf-dist/tex/latex/graphics/trig.sty
Package: trig 2021/08/11 v1.11 sin cos tan (DPC)
) (/usr/share/texlive/texmf-dist/tex/latex/graphics-cfg/graphics.cfg
File: graphics.cfg 2016/06/04 v1.11 sample graphics configuration
)
Package graphics Info: Driver file: pdftex.def on input line 107.
 (/usr/share/texlive/texmf-dist/tex/latex/graphics-def/pdftex.def
File: pdftex.def 2022/09/22 v1.2b Graphics/color driver for pdftex
))
\Gin@req@height=\dimen146
\Gin@req@width=\dimen147
) (/usr/share/texlive/texmf-dist/tex/latex/enumitem/enumitem.sty
Package: enumitem 2019/06/20 v3.9 Customized lists
\labelindent=\skip51
\enit@outerparindent=\dimen148
\enit@toks=\toks21
\enit@inbox=\box51
\enit@count@id=\count277
\enitdp@description=\count278
) (/usr/share/texlive/texmf-dist/tex/latex/amsmath/amsmath.sty
Package: amsmath 2023/05/13 v2.17o AMS math features
\@mathmargin=\skip52

For additional information on amsmath, use the `?' option.
(/usr/share/texlive/texmf-dist/tex/latex/amsmath/amstext.sty
Package: amstext 2021/08/26 v2.01 AMS text
 (/usr/share/texlive/texmf-dist/tex/latex/amsmath/amsgen.sty
File: amsgen.sty 1999/11/30 v2.0 generic functions
\@emptytoks=\toks22
\ex@=\dimen149
)) (/usr/share/texlive/texmf-dist/tex/latex/amsmath/amsbsy.sty
Package: amsbsy 1999/11/29 v1.2d Bold Symbols
\pmbraise@=\dimen150
) (/usr/share/texlive/texmf-dist/tex/latex/amsmath/amsopn.sty
Package: amsopn 2022/04/08 v2.04 operator names
)
\inf@bad=\count279
LaTeX Info: Redefining \frac on input line 234.
\uproot@=\count280
\leftroot@=\count281
LaTeX Info: Redefining \overline on input line 399.
LaTeX Info: Redefining \colon on input line 410.
\classnum@=\count282
\DOTSCASE@=\count283
LaTeX Info: Redefining \ldots on input line 496.
LaTeX Info: Redefining \dots on input line 499.
LaTeX Info: Redefining \cdots on input line 620.
\Mathstrutbox@=\box52
\strutbox@=\box53
LaTeX Info: Redefining \big on input line 722.
LaTeX Info: Redefining \Big on input line 723.
LaTeX Info: Redefining \bigg on input line 724.
LaTeX Info: Redefining \Bigg on input line 725.
\big@size=\dimen151
LaTeX Font Info:    Redeclaring font encoding OML on input line 743.
LaTeX Font Info:    Redeclaring font encoding OMS on input line 744.
\macc@depth=\count284
LaTeX Info: Redefining \bmod on input line 905.
LaTeX Info: Redefining \pmod on input line 910.
LaTeX Info: Redefining \smash on input line 940.
LaTeX Info: Redefining \relbar on input line 970.
LaTeX Info: Redefining \Relbar on input line 971.
\c@MaxMatrixCols=\count285
\dotsspace@=\muskip17
\c@parentequation=\count286
\dspbrk@lvl=\count287
\tag@help=\toks23
\row@=\count288
\column@=\count289
\maxfields@=\count290
\andhelp@=\toks24
\eqnshift@=\dimen152
\alignsep@=\dimen153
\tagshift@=\dimen154
\tagwidth@=\dimen155
\totwidth@=\dimen156
\lineht@=\dimen157
\@envbody=\toks25
\multlinegap=\skip53
\multlinetaggap=\skip54
\mathdisplay@stack=\toks26
LaTeX Info: Redefining \[ on input line 2953.
LaTeX Info: Redefining \] on input line 2954.
) (/usr/share/texlive/texmf-dist/tex/latex/epigraph/epigraph.sty
Package: epigraph 2020/01/02 v1.5e typesetting epigraphs
 (/usr/share/texlive/texmf-dist/tex/latex/nextpage/nextpage.sty
Package: nextpage 2009/09/03 v1.1a additional page commands
)
\beforeepigraphskip=\skip55
\afterepigraphskip=\skip56
\epigraphwidth=\skip57
\epigraphrule=\skip58
) (/usr/share/texlive/texmf-dist/tex/latex/framed/framed.sty
Package: framed 2011/10/22 v 0.96: framed or shaded text with page breaks
\OuterFrameSep=\skip59
\fb@frw=\dimen158
\fb@frh=\dimen159
\FrameRule=\dimen160
\FrameSep=\dimen161
) (/usr/share/texlive/texmf-dist/tex/latex/listings/listings.sty
\lst@mode=\count291
\lst@gtempboxa=\box54
\lst@token=\toks27
\lst@length=\count292
\lst@currlwidth=\dimen162
\lst@column=\count293
\lst@pos=\count294
\lst@lostspace=\dimen163
\lst@width=\dimen164
\lst@newlines=\count295
\lst@lineno=\count296
\lst@maxwidth=\dimen165
 (/usr/share/texlive/texmf-dist/tex/latex/listings/lstmisc.sty
File: lstmisc.sty 2023/02/27 1.9 (Carsten Heinz)
\c@lstnumber=\count297
\lst@skipnumbers=\count298
\lst@framebox=\box55
) (/usr/share/texlive/texmf-dist/tex/latex/listings/listings.cfg
File: listings.cfg 2023/02/27 1.9 listings configuration
))
Package: listings 2023/02/27 1.9 (Carsten Heinz)
 (/usr/share/texlive/texmf-dist/tex/latex/xcolor/xcolor.sty
Package: xcolor 2023/11/15 v3.01 LaTeX color extensions (UK)
 (/usr/share/texlive/texmf-dist/tex/latex/graphics-cfg/color.cfg
File: color.cfg 2016/01/02 v1.6 sample color configuration
)
Package xcolor Info: Driver file: pdftex.def on input line 274.
 (/usr/share/texlive/texmf-dist/tex/latex/graphics/mathcolor.ltx)
Package xcolor Info: Model `cmy' substituted by `cmy0' on input line 1350.
Package xcolor Info: Model `hsb' substituted by `rgb' on input line 1354.
Package xcolor Info: Model `RGB' extended on input line 1366.
Package xcolor Info: Model `HTML' substituted by `rgb' on input line 1368.
Package xcolor Info: Model `Hsb' substituted by `hsb' on input line 1369.
Package xcolor Info: Model `tHsb' substituted by `hsb' on input line 1370.
Package xcolor Info: Model `HSB' substituted by `hsb' on input line 1371.
Package xcolor Info: Model `Gray' substituted by `gray' on input line 1372.
Package xcolor Info: Model `wave' substituted by `hsb' on input line 1373.
) (/usr/share/texlive/texmf-dist/tex/latex/l3backend/l3backend-pdftex.def
File: l3backend-pdftex.def 2024-01-04 L3 backend support: PDF output (pdfTeX)
\l__color_backend_stack_int=\count299
\l__pdf_internal_box=\box56
) (./main.aux
LaTeX Info: Redefining \. on input line 12.
LaTeX Info: Redefining \% on input line 12.
)
\openout1 = `main.aux'.

LaTeX Font Info:    Checking defaults for OML/cmm/m/it on input line 22.
LaTeX Font Info:    ... okay on input line 22.
LaTeX Font Info:    Checking defaults for OMS/cmsy/m/n on input line 22.
LaTeX Font Info:    ... okay on input line 22.
LaTeX Font Info:    Checking defaults for OT1/cmr/m/n on input line 22.
LaTeX Font Info:    ... okay on input line 22.
LaTeX Font Info:    Checking defaults for T1/cmr/m/n on input line 22.
LaTeX Font Info:    ... okay on input line 22.
LaTeX Font Info:    Checking defaults for TS1/cmr/m/n on input line 22.
LaTeX Font Info:    ... okay on input line 22.
LaTeX Font Info:    Checking defaults for OMX/cmex/m/n on input line 22.
LaTeX Font Info:    ... okay on input line 22.
LaTeX Font Info:    Checking defaults for U/cmr/m/n on input line 22.
LaTeX Font Info:    ... okay on input line 22.
LaTeX Font Info:    Checking defaults for PD1/pdf/m/n on input line 22.
LaTeX Font Info:    ... okay on input line 22.
LaTeX Font Info:    Checking defaults for PU/pdf/m/n on input line 22.
LaTeX Font Info:    ... okay on input line 22.
LaTeX Info: Redefining \. on input line 22.
LaTeX Info: Redefining \% on input line 22.
Package hyperref Info: Link coloring OFF on input line 22.
 (./main.out) (./main.out)
\@outlinefile=\write3
\openout3 = `main.out'.

 (/usr/share/texlive/texmf-dist/tex/context/base/mkii/supp-pdf.mkii
[Loading MPS to PDF converter (version 2006.09.02).]
\scratchcounter=\count300
\scratchdimen=\dimen166
\scratchbox=\box57
\nofMPsegments=\count301
\nofMParguments=\count302
\everyMPshowfont=\toks28
\MPscratchCnt=\count303
\MPscratchDim=\dimen167
\MPnumerator=\count304
\makeMPintoPDFobject=\count305
\everyMPtoPDFconversion=\toks29
) (/usr/share/texlive/texmf-dist/tex/latex/epstopdf-pkg/epstopdf-base.sty
Package: epstopdf-base 2020-01-24 v2.11 Base part for package epstopdf
Package epstopdf-base Info: Redefining graphics rule for `.eps' on input line 485.
 (/usr/share/texlive/texmf-dist/tex/latex/latexconfig/epstopdf-sys.cfg
File: epstopdf-sys.cfg 2010/07/13 v1.3 Configuration of (r)epstopdf for TeX Live
))
\c@lstlisting=\count306
 [1

{/var/lib/texmf/fonts/map/pdftex/updmap/pdftex.map}] (./main.toc
LaTeX Info: Redefining \. on input line 1.
LaTeX Info: Redefining \% on input line 1.

pdfTeX warning (ext4): destination with the same identifier (name{page.1}) has been already used, duplicate ignored
<to be read again> 
                   \relax 
l.40 ....3}InyecciĂłn de cĂłdigo}{31}{section.4.3}
                                                  % [1

] [2])
\tf@toc=\write4
\openout4 = `main.toc'.

 (./chapters/chap-.tex [3]
Cap\'{\i }tulo 1.
[4

] [5]
LaTeX Font Info:    Trying to load font information for T1+cmtt on input line 52.
 (/usr/share/texlive/texmf-dist/tex/latex/base/t1cmtt.fd
File: t1cmtt.fd 2023/04/13 v2.5m Standard LaTeX font definitions
) [6] [7]
Cap\'{\i }tulo 2.
[8

] [9] [10]
Cap\'{\i }tulo 3.
[11

] [12]
Underfull \hbox (badness 1337) in paragraph at lines 171--172
[]\T1/cmr/m/n/12 Se des-ple-gó un \T1/cmr/m/it/12 .NET as-sembly \T1/cmr/m/n/12 den-tro del pro-ce-
 []

[13]
Underfull \hbox (badness 10000) in paragraph at lines 203--204
[]\T1/cmr/m/n/12 La DLL ma-li-cio-sa uti-li-za car-ga re-fle-xi-va pa-
 []


Underfull \hbox (badness 4048) in paragraph at lines 203--204
\T1/cmr/m/n/12 ra eje-cu-tar-se den-tro del pro-ce-so com-pro-me-ti-do. El mó-du-lo
 []

[14] [15]
Overfull \hbox (8.36508pt too wide) in paragraph at lines 238--239
\T1/cmr/m/n/12 no coin-ci-den con na-ve-ga-do-res le-gí-ti-mos y pa-tro-nes re-pe-ti-ti-vos de petición-
 []

[16] [17]
Underfull \hbox (badness 10000) in paragraph at lines 299--300
[]\T1/cmr/m/n/12 Masquerading: Match Le-gi-ti-ma-te Na-me or Lo-ca-tion
 []


Underfull \hbox (badness 10000) in paragraph at lines 302--303
[]\T1/cmr/m/n/12 El ata-can-te re-nom-bra la DLL le-gí-ti-ma a
 []


Underfull \hbox (badness 7415) in paragraph at lines 302--303
\T1/cmtt/m/n/12 calibre-launcher-old.dll \T1/cmr/m/n/12 pa-ra con-ser-var su fun-cio-na-li-dad
 []


Underfull \hbox (badness 4181) in paragraph at lines 302--303
\T1/cmr/m/n/12 ori-gi-nal. A con-ti-nua-ción, co-lo-ca en el di-rec-to-rio una DLL
 []


Underfull \hbox (badness 1888) in paragraph at lines 302--303
\T1/cmr/m/n/12 ma-li-cio-sa con el nom-bre le-gí-ti-mo es-pe-ra-do por la apli-ca-ción
 []

[18] [19]
Overfull \hbox (0.59326pt too wide) in paragraph at lines 334--335
[]\T1/cmr/bx/n/12 Event Logs (Microsoft-Windows-TaskScheduler/Operational)\T1/cmr/m/n/12 :
 []

[20] [21] [22] [23] [24]
Cap\'{\i }tulo 4.
[25

] [26] [27] [28] [29] [30] [31] [32]
LaTeX Font Info:    Font shape `T1/cmtt/bx/n' in size <12> not available
(Font)              Font shape `T1/cmtt/m/n' tried instead on input line 641.
 [33] [34]
Overfull \hbox (56.90408pt too wide) in paragraph at lines 718--722
[]\T1/cmr/bx/n/12 Resolver la ta-bla de im-por-ta-cio-nes. \T1/cmr/m/n/12 La es-truc-tu-ra \T1/cmtt/m/n/12 IMAGE_IMPORT_DESCRIPTOR
 []

[35]
Overfull \hbox (1.70808pt too wide) in paragraph at lines 737--740
\T1/cmr/m/n/12 las de-pen-den-cias re-suel-tas, so-lo que-da eje-cu-tar: \T1/cmtt/m/n/12 DllMain(baseAddress,
 []

[36]
Overfull \hbox (60.92174pt too wide) in paragraph at lines 750--751
[]\T1/cmr/m/n/12 Los EDR ac-tua-les ins-tru-men-tan fun-cio-nes crí-ti-cas de \T1/cmtt/m/n/12 kernel32.dll\T1/cmr/m/n/12 , \T1/cmtt/m/n/12 kernelbase.dll
 []


Overfull \hbox (45.07559pt too wide) in paragraph at lines 750--751
\T1/cmr/m/n/12 te in-vo-ca fun-cio-nes co-mo \T1/cmtt/m/n/12 CreateProcessW\T1/cmr/m/n/12 , \T1/cmtt/m/n/12 VirtualAllocEx\T1/cmr/m/n/12 , \T1/cmtt/m/n/12 NtWriteVirtualMemory
 []


Overfull \hbox (8.57162pt too wide) in paragraph at lines 758--759
[]\T1/cmr/m/n/12 Ejemplos tí-pi-cos: \T1/cmtt/m/n/12 CreateFileW\T1/cmr/m/n/12 , \T1/cmtt/m/n/12 VirtualAllocEx\T1/cmr/m/n/12 , \T1/cmtt/m/n/12 WriteProcessMemory\T1/cmr/m/n/12 . 
 []


Overfull \hbox (26.43993pt too wide) in paragraph at lines 759--760
[]\T1/cmr/m/n/12 Resueltas es-tá-ti-ca o di-ná-mi-ca-men-te des-de \T1/cmtt/m/n/12 kernel32.dll \T1/cmr/m/n/12 o \T1/cmtt/m/n/12 kernelbase.dll\T1/cmr/m/n/12 . 
 []


Overfull \hbox (23.39206pt too wide) in paragraph at lines 769--770
[]\T1/cmr/m/n/12 Siguen el pre-fi-jo \T1/cmtt/m/n/12 Nt \T1/cmr/m/n/12 o \T1/cmtt/m/n/12 Zw\T1/cmr/m/n/12 , co-mo \T1/cmtt/m/n/12 NtCreateFile \T1/cmr/m/n/12 o \T1/cmtt/m/n/12 NtAllocateVirtualMemory\T1/cmr/m/n/12 . 
 []

[37] (/usr/share/texlive/texmf-dist/tex/latex/listings/lstlang1.sty
File: lstlang1.sty 2023/02/27 1.9 listings language file
) (/usr/share/texlive/texmf-dist/tex/latex/listings/lstmisc.sty
File: lstmisc.sty 2023/02/27 1.9 (Carsten Heinz)
) [38] [39]
Overfull \hbox (54.49146pt too wide) in paragraph at lines 849--849
[]  \T1/cmtt/m/n/12 /tr "%LOCALAPPDATA%\Microsoft\WindowsApps\Calibre2\calibre-debug.exe \[] 
 []

[40]
Overfull \hbox (2.71938pt too wide) in paragraph at lines 876--879
[]\T1/cmr/m/n/12 Los \T1/cmr/m/it/12 Bea-con Ob-ject Fi-les \T1/cmr/m/n/12 (BOF) y los \T1/cmr/m/it/12 Com-mon Ob-ject Fi-le For-mat \T1/cmr/m/n/12 (COFF)
 []

[41]) (./annexe_windows_internals/annex.tex [42]
Cap\'{\i }tulo 5.
(./annexe_windows_internals/annex-virutual-memory.tex [43

] [44]
<figures/Multilevel-Page-Tables.png, id=694, 1141.26375pt x 397.485pt>
File: figures/Multilevel-Page-Tables.png Graphic file (type png)
<use figures/Multilevel-Page-Tables.png>
Package pdftex.def Info: figures/Multilevel-Page-Tables.png  used on input line 47.
(pdftex.def)             Requested size: 312.00119pt x 108.66277pt.
 [45 <./figures/Multilevel-Page-Tables.png>]
<figures/virtual-address-to-page-table-index.png, id=703, 984.67876pt x 142.5325pt>
File: figures/virtual-address-to-page-table-index.png Graphic file (type png)
<use figures/virtual-address-to-page-table-index.png>
Package pdftex.def Info: figures/virtual-address-to-page-table-index.png  used on input line 83.
(pdftex.def)             Requested size: 312.00119pt x 45.16112pt.


LaTeX Warning: `!h' float specifier changed to `!ht'.

[46] [47 <./figures/virtual-address-to-page-table-index.png>]) [48] (./annexe_windows_internals/annex-pe-files.tex [49] [50] [51] [52]) [53] (./annexe_windows_internals/annex-process.tex [54]
Overfull \hbox (6.52716pt too wide) in paragraph at lines 50--54
[]\T1/cmr/bx/n/12 Mapeo de \T1/cmtt/m/n/12 ntdll.dll\T1/cmr/bx/n/12 : \T1/cmr/m/n/12 El si-guien-te mó-du-lo en car-gar-se es \T1/cmtt/m/n/12 ntdll.dll\T1/cmr/m/n/12 .
 []

[55] [56]
Overfull \hbox (14.72191pt too wide) in paragraph at lines 115--116
[]\T1/cmr/m/n/12 Desde la es-truc-tu-ra \T1/cmtt/m/n/12 _PEB\T1/cmr/m/n/12 , ac-ce-der al miem-bro \T1/cmtt/m/n/12 Ldr\T1/cmr/m/n/12 , de ti-po \T1/cmtt/m/n/12 _PEB_LDR_DATA\T1/cmr/m/n/12 . 
 []


Overfull \hbox (84.50772pt too wide) in paragraph at lines 116--117
[]\T1/cmr/m/n/12 Desde \T1/cmtt/m/n/12 _PEB_LDR_DATA\T1/cmr/m/n/12 , ac-ce-der a la lis-ta do-ble-men-te en-la-za-da \T1/cmtt/m/n/12 InLoadOrderModuleList\T1/cmr/m/n/12 ,
 []


Overfull \hbox (53.16817pt too wide) in paragraph at lines 117--118
[]\T1/cmr/m/n/12 Cada en-tra-da de es-ta lis-ta co-rres-pon-de a una es-truc-tu-ra \T1/cmtt/m/n/12 _LDR_DATA_TABLE_ENTRY\T1/cmr/m/n/12 . 
 []


Overfull \hbox (7.00711pt too wide) in paragraph at lines 119--120
[]\T1/cmr/m/n/12 Si el nom-bre coin-ci-de con el mó-du-lo de-sea-do, re-cu-pe-rar el cam-po \T1/cmtt/m/n/12 DllBase
 []

[57]
<figures/fig-annex-win-process-genealogy.png, id=802, 645.16031pt x 437.38406pt>
File: figures/fig-annex-win-process-genealogy.png Graphic file (type png)
<use figures/fig-annex-win-process-genealogy.png>
Package pdftex.def Info: figures/fig-annex-win-process-genealogy.png  used on input line 171.
(pdftex.def)             Requested size: 370.49881pt x 251.17352pt.
 [58]
Overfull \hbox (11.35983pt too wide) in paragraph at lines 189--190
[]\T1/cmr/bx/n/12 wininit.exe\T1/cmr/m/n/12 : Lan-za pro-ce-sos esen-cia-les co-mo \T1/cmtt/m/n/12 services.exe\T1/cmr/m/n/12 , \T1/cmtt/m/n/12 lsaiso.exe
 []

[59 <./figures/fig-annex-win-process-genealogy.png>]) [60] (./annexe_windows_internals/annex-dynamic-link-library.tex [61]) [62] (./annexe_windows_internals/annex-threads.tex) [63] (./annexe_windows_internals/annex-ring-levels.tex
Overfull \hbox (6.23764pt too wide) in paragraph at lines 18--19
\T1/cmr/m/n/12 nes co-mo \T1/cmtt/m/n/12 FltPerformSynchronousIo \T1/cmr/m/n/12 y \T1/cmtt/m/n/12 FltSetCancelCompletion\T1/cmr/m/n/12 . 
 []

<figures/fig-syscall-path.png, id=845, 701.62125pt x 564.1075pt>
File: figures/fig-syscall-path.png Graphic file (type png)
<use figures/fig-syscall-path.png>
Package pdftex.def Info: figures/fig-syscall-path.png  used on input line 28.
(pdftex.def)             Requested size: 370.49881pt x 297.89099pt.
[64])) (./extras/results.tex) [65 <./figures/fig-syscall-path.png>] (./main.bbl
Underfull \hbox (badness 10000) in paragraph at lines 27--28
[]\T1/cmr/m/n/12 ``Kape tar-gets do-cu-men-ta-tion,'' []$https : / / ericzimmerman . github . io /
 []


Underfull \hbox (badness 6944) in paragraph at lines 30--31
[]\T1/cmr/m/n/12 ``Kape tar-get: !sans_triage,'' []$https : / / github . com / EricZimmerman /
 []


Underfull \hbox (badness 1596) in paragraph at lines 30--31
\T1/cmr/m/n/12 KapeFiles / blob / master / Targets / Compound / !SANS _ Triage . tkape$[], ac-
 []


Underfull \hbox (badness 10000) in paragraph at lines 33--34
[]\T1/cmr/m/n/12 ``Kape tar-get: Eventlogs,'' []$https : / / github . com / EricZimmerman /
 []


Underfull \hbox (badness 5403) in paragraph at lines 33--34
\T1/cmr/m/n/12 KapeFiles / blob / master / Targets / Windows / EventLogs . tkape$[], ac-ce-di-do
 []


Underfull \hbox (badness 2799) in paragraph at lines 36--37
[]\T1/cmr/m/n/12 MITRE Cen-ter for Threat-Informed De-fen-se, ``Ad-ver-sary emu-la-
 []


Underfull \hbox (badness 1502) in paragraph at lines 36--37
\T1/cmr/m/n/12 tion li-brary,'' []$https : / / github . com / center-[]for-[]threat-[]informed-[]defense /
 []


Underfull \hbox (badness 10000) in paragraph at lines 39--40
[]\T1/cmr/m/n/12 nyascla, ``Re-ver-se shell ba-dusb pay-load,'' []$https : / / github . com /
 []


Underfull \hbox (badness 10000) in paragraph at lines 39--40
\T1/cmr/m/n/12 nyascla / mal-[]dev-[]lab / tree / refactor / RED-[]TEAM / ^^]ipper-[]zero / bad-[]usb /
 []


Underfull \hbox (badness 10000) in paragraph at lines 42--43
\T1/cmr/m/n/12 nyascla / mal-[]dev-[]lab / blob / refactor / 101-[]windows / mitigations / AMSI /
 []


Underfull \hbox (badness 5504) in paragraph at lines 45--46
[]\T1/cmr/m/n/12 ------, ``Am-si by-pass via re-flec-tion,'' []$https : / / github . com / nyascla /
 []


Underfull \hbox (badness 10000) in paragraph at lines 45--46
\T1/cmr/m/n/12 mal-[]dev-[]lab / blob / refactor / 101-[]windows / mitigations / AMSI /
 []


Underfull \hbox (badness 10000) in paragraph at lines 48--49
[]\T1/cmr/m/n/12 nyascla, ``x64 get mo-du-le hand-le (run-ti-me lin-king),'' []$https :
 []


Underfull \hbox (badness 10000) in paragraph at lines 48--49
\T1/cmr/m/n/12 / / github . com / nyascla / mal-[]dev-[]lab / blob / refactor / MAL-[]DEV /
 []


Underfull \hbox (badness 10000) in paragraph at lines 48--49
\T1/cmr/m/n/12 101-[]code / ASM-[]x86 _ 64 / src / reverse _ shell / x64 / reverse _ shell . asm$[],
 []

[66

]
Underfull \hbox (badness 10000) in paragraph at lines 51--52
\T1/cmr/m/n/12 nyascla / mal-[]dev-[]lab / blob / refactor / MAL-[]DEV / 101-[]code / ASM-[]x86 _
 []


Underfull \hbox (badness 10000) in paragraph at lines 54--55
\T1/cmr/m/n/12 nyascla / mal-[]dev-[]lab / blob / refactor / MAL-[]DEV / 101-[]code / ASM-[]x86 _
 []


Underfull \hbox (badness 10000) in paragraph at lines 54--55
\T1/cmr/m/n/12 64 / src / runtime _ linking / x64 / x64 _ get _ proc _ address . asm$[], ac-ces-sed:
 []


Underfull \hbox (badness 10000) in paragraph at lines 57--58
\T1/cmr/m/n/12 nyascla / mal-[]dev-[]lab / blob / refactor / MAL-[]DEV / 101-[]code / ASM-[]x86 _
 []


Underfull \hbox (badness 2671) in paragraph at lines 57--58
\T1/cmr/m/n/12 64 / src / runtime _ linking / x86 / get _ proc _ address . asm$[], ac-ces-sed: 2025-
 []


Underfull \hbox (badness 2932) in paragraph at lines 60--61
[]\T1/cmr/m/n/12 ------, ``x64 ro-l/-xor hashing rou-ti-ne,'' []$https : / / github . com / nyascla /
 []


Underfull \hbox (badness 10000) in paragraph at lines 60--61
\T1/cmr/m/n/12 mal-[]dev-[]lab / blob / refactor / MAL-[]DEV / 101-[]code / ASM-[]x86 _ 64 / src /
 []


Underfull \hbox (badness 2932) in paragraph at lines 63--64
[]\T1/cmr/m/n/12 ------, ``x86 ro-l/-xor hashing rou-ti-ne,'' []$https : / / github . com / nyascla /
 []


Underfull \hbox (badness 10000) in paragraph at lines 63--64
\T1/cmr/m/n/12 mal-[]dev-[]lab / blob / refactor / MAL-[]DEV / 101-[]code / ASM-[]x86 _ 64 / src /
 []


Underfull \hbox (badness 5652) in paragraph at lines 66--67
[]\T1/cmr/m/n/12 ------, ``Mes-sa-ge-box shell-co-de (x64),'' []$https : / / github . com / nyascla /
 []


Underfull \hbox (badness 10000) in paragraph at lines 66--67
\T1/cmr/m/n/12 mal-[]dev-[]lab / blob / refactor / MAL-[]DEV / 101-[]code / ASM-[]x86 _ 64 / src /
 []


Underfull \hbox (badness 5652) in paragraph at lines 69--70
[]\T1/cmr/m/n/12 ------, ``Mes-sa-ge-box shell-co-de (x86),'' []$https : / / github . com / nyascla /
 []


Underfull \hbox (badness 10000) in paragraph at lines 69--70
\T1/cmr/m/n/12 mal-[]dev-[]lab / blob / refactor / MAL-[]DEV / 101-[]code / ASM-[]x86 _ 64 / src /
 []


Underfull \hbox (badness 2213) in paragraph at lines 72--73
[]\T1/cmr/m/n/12 jstrosch, ``sclaun-cher: Mi-ni-mal pe ge-ne-ra-tor,'' []$https : / / github . com /
 []


Underfull \hbox (badness 10000) in paragraph at lines 75--76
\T1/cmr/m/n/12 mal-[]dev-[]lab / blob / refactor / MAL-[]DEV / 101-[]code / ASM-[]x86 _ 64 / src /
 []


Underfull \hbox (badness 4805) in paragraph at lines 83--84
[]\T1/cmr/m/n/12 Nyascla, ``Script pa-ra ge-ne-ra-ción au-to-má-ti-ca de fi-che-ros .def,''
 []


Underfull \hbox (badness 10000) in paragraph at lines 83--84
[]$\T1/cmr/m/n/12 https : / / github . com / nyascla / mal-[]dev-[]lab / blob / refactor / MAL-[]DEV /
 []


Underfull \hbox (badness 10000) in paragraph at lines 83--84
\T1/cmr/m/n/12 code-[]injection / dll-[]hijacking / dll-[]proxying / def-[]^^\le / def-[]^^\le-[]exports . py$[],
 []

[67]
Underfull \hbox (badness 1253) in paragraph at lines 86--87
[]\T1/cmr/m/n/12 ------, ``De-mo de \T1/cmr/m/it/12 Si-de Loa-ding \T1/cmr/m/n/12 + \T1/cmr/m/it/12 DLL Prox-ying\T1/cmr/m/n/12 ,'' []$https : / / github .
 []


Underfull \hbox (badness 10000) in paragraph at lines 86--87
\T1/cmr/m/n/12 com / nyascla / mal-[]dev-[]lab / tree / refactor / MAL-[]DEV / code-[]injection /
 []


Underfull \hbox (badness 10000) in paragraph at lines 89--90
[]\T1/cmr/m/n/12 ------, ``Ma-nual dll loa-der (no aslr) --- proof of con-cept,''
 []


Underfull \hbox (badness 10000) in paragraph at lines 89--90
[]$\T1/cmr/m/n/12 https : / / github . com / nyascla / mal-[]dev-[]lab / tree / refactor / 101-[]windows /
 []


Underfull \hbox (badness 10000) in paragraph at lines 89--90
\T1/cmr/m/n/12 windows-[]internals / windows-[]loader / my-[]dll-[]loader$[], 2024, ac-ce-di-do:
 []


Underfull \hbox (badness 10000) in paragraph at lines 92--93
[]\T1/cmr/m/n/12 ------, ``Pe for-mat la-yout in-fo-graphic,'' []$https : / / github . com /
 []


Underfull \hbox (badness 10000) in paragraph at lines 92--93
\T1/cmr/m/n/12 nyascla / mal-[]dev-[]lab / blob / refactor / 101-[]windows / pe-[]^^\les / utils / PE %
 []


Underfull \hbox (badness 5077) in paragraph at lines 95--96
[]\T1/cmr/m/n/12 ------, ``Win32 api sys-call re-search,'' []$https : / / github . com / nyascla /
 []


Underfull \hbox (badness 5077) in paragraph at lines 98--99
[]\T1/cmr/m/n/12 ------, ``Na-ti-ve api sys-call re-search,'' []$https : / / github . com / nyascla /
 []


Underfull \hbox (badness 10000) in paragraph at lines 101--102
[]\T1/cmr/m/n/12 ------, ``Di-rect sys-calls tech-ni-ques,'' []$https : / / github . com / nyascla /
 []


Underfull \hbox (badness 7203) in paragraph at lines 104--105
[]\T1/cmr/m/n/12 ------, ``In-di-rect sys-calls tech-ni-ques,'' []$https : / / github . com / nyascla /
 []


Underfull \hbox (badness 10000) in paragraph at lines 107--108
[]\T1/cmr/m/n/12 P. Opp, ``Pa-ging in-tro-duc-tion,'' []$https : / / os . phil-[]opp . com /
 []

[68]
Underfull \hbox (badness 10000) in paragraph at lines 130--131
[]\T1/cmr/m/n/12 Nyascla, ``Bi-nary pat-ching: Entry point mo-di-fi-ca-tion,'' []$https :
 []


Underfull \hbox (badness 10000) in paragraph at lines 130--131
\T1/cmr/m/n/12 / / github . com / nyascla / mal-[]dev-[]lab / tree / refactor / MAL-[]DEV /
 []


Underfull \hbox (badness 10000) in paragraph at lines 133--134
[]\T1/cmr/m/n/12 ------, ``Cus-tom x86 mes-sa-ge-bo-xa shell-co-de for pe pat-ching,''
 []


Underfull \hbox (badness 10000) in paragraph at lines 133--134
[]$\T1/cmr/m/n/12 https : / / github . com / nyascla / mal-[]dev-[]lab / blob / refactor / MAL-[]DEV /
 []


Underfull \hbox (badness 10000) in paragraph at lines 133--134
\T1/cmr/m/n/12 101-[]code / ASM-[]x86 _ 64 / src / messagebox / x86 / messagebox _ patch . asm$[],
 []


Underfull \hbox (badness 1077) in paragraph at lines 136--137
[]\T1/cmr/m/n/12 ------, ``Wal-king the peb in win-dows,'' []$https : / / github . com / nyascla /
 []


Underfull \hbox (badness 2894) in paragraph at lines 136--137
\T1/cmr/m/n/12 mal-[]dev-[]lab / tree / refactor / 101-[]windows / windows-[]internals / peb$[], 2024,
 []


Underfull \hbox (badness 10000) in paragraph at lines 139--140
[]$\T1/cmr/m/n/12 https : / / github . com / nyascla / mal-[]dev-[]lab / blob / refactor / MAL-[]DEV /
 []


Underfull \hbox (badness 10000) in paragraph at lines 139--140
\T1/cmr/m/n/12 101-[]code / ASM-[]x86 _ 64 / src / runtime _ linking / x64 / x64 _ get _ module _
 []


Underfull \hbox (badness 10000) in paragraph at lines 142--143
[]$\T1/cmr/m/n/12 https : / / github . com / nyascla / mal-[]dev-[]lab / blob / refactor / MAL-[]DEV /
 []


Underfull \hbox (badness 10000) in paragraph at lines 142--143
\T1/cmr/m/n/12 101-[]code / ASM-[]x86 _ 64 / src / runtime _ linking / x86 / get _ module _
 []

) [69] (./main.aux
LaTeX Info: Redefining \. on input line 12.
LaTeX Info: Redefining \% on input line 12.
)
 ***********
LaTeX2e <2023-11-01> patch level 1
L3 programming layer <2024-01-22>
 ***********
Package rerunfilecheck Info: File `main.out' has not changed.
(rerunfilecheck)             Checksum: 73CAE16CC8DE5BF25B11E562B65B423E;11682.
 ) 
Here is how much of TeX's memory you used:
 13927 strings out of 476120
 213582 string characters out of 5793656
 1941975 words of memory out of 5000000
 35465 multiletter control sequences out of 15000+600000
 576367 words of font info for 72 fonts, out of 8000000 for 9000
 40 hyphenation exceptions out of 8191
 75i,6n,79p,993b,1231s stack positions out of 10000i,1000n,20000p,200000b,200000s
 </home/llorens/.texlive2023/texmf-var/fonts/pk/ljfour/jknappen/ec/ecti1095.600pk> </home/llorens/.texlive2023/texmf-var/fonts/pk/ljfour/jknappen/ec/ecrm1095.600pk> </home/llorens/.texlive2023/texmf-var/fonts/pk/ljfour/jknappen/ec/ecbi1200.600pk> </home/llorens/.texlive2023/texmf-var/fonts/pk/ljfour/jknappen/ec/tcrm1200.600pk> </home/llorens/.texlive2023/texmf-var/fonts/pk/ljfour/jknappen/ec/ectt1200.600pk> </home/llorens/.texlive2023/texmf-var/fonts/pk/ljfour/jknappen/ec/ecbx1440.600pk> </home/llorens/.texlive2023/texmf-var/fonts/pk/ljfour/jknappen/ec/ecti1200.600pk> </home/llorens/.texlive2023/texmf-var/fonts/pk/ljfour/jknappen/ec/ecbx1728.600pk> </home/llorens/.texlive2023/texmf-var/fonts/pk/ljfour/jknappen/ec/ecrm1200.600pk> </home/llorens/.texlive2023/texmf-var/fonts/pk/ljfour/jknappen/ec/ecbx1200.600pk> </home/llorens/.texlive2023/texmf-var/fonts/pk/ljfour/jknappen/ec/ecbx2488.600pk> </home/llorens/.texlive2023/texmf-var/fonts/pk/ljfour/jknappen/ec/ecrm1440.600pk> </home/llorens/.texlive2023/texmf-var/fonts/pk/ljfour/jknappen/ec/ecrm2074.600pk></usr/share/texlive/texmf-dist/fonts/type1/public/amsfonts/cm/cmmi12.pfb></usr/share/texlive/texmf-dist/fonts/type1/public/amsfonts/cm/cmr12.pfb></usr/share/texlive/texmf-dist/fonts/type1/public/amsfonts/cm/cmr8.pfb></usr/share/texlive/texmf-dist/fonts/type1/public/amsfonts/cm/cmsy10.pfb>
Output written on main.pdf (70 pages, 507331 bytes).
PDF statistics:
 1650 PDF objects out of 1728 (max. 8388607)
 993 compressed objects within 10 object streams
 270 named destinations out of 1000 (max. 500000)
 581 words of extra memory for PDF output out of 10000 (max. 10000000)

